<?xml version="1.0" encoding="UTF-8"?>
<testng-results ignored="0" total="2" passed="2" failed="0" skipped="0">
  <reporter-output>
  </reporter-output>
  <suite started-at="2020-09-27T12:47:18 IST" name="Default suite" finished-at="2020-09-27T12:47:53 IST" duration-ms="34856">
    <groups>
    </groups>
    <test started-at="2020-09-27T12:47:18 IST" name="Default test" finished-at="2020-09-27T12:47:53 IST" duration-ms="34856">
      <class name="Demo.FirstTest">
        <test-method is-config="true" signature="beforeTest()[pri:0, instance:Demo.FirstTest@3315d2d7]" started-at="2020-09-27T12:47:18 IST" name="beforeTest" finished-at="2020-09-27T12:47:30 IST" duration-ms="11691" status="PASS">
          <reporter-output>
          </reporter-output>
        </test-method> <!-- beforeTest -->
        <test-method signature="f(java.lang.String, java.lang.String)[pri:0, instance:Demo.FirstTest@3315d2d7]" started-at="2020-09-27T12:47:30 IST" name="f" data-provider="dp" finished-at="2020-09-27T12:47:42 IST" duration-ms="12208" status="PASS">
          <params>
            <param index="0">
              <value>
                <![CDATA[Admin]]>
              </value>
            </param>
            <param index="1">
              <value>
                <![CDATA[admin123]]>
              </value>
            </param>
          </params>
          <reporter-output>
          </reporter-output>
        </test-method> <!-- f -->
        <test-method signature="f(java.lang.String, java.lang.String)[pri:0, instance:Demo.FirstTest@3315d2d7]" started-at="2020-09-27T12:47:42 IST" name="f" data-provider="dp" finished-at="2020-09-27T12:47:51 IST" duration-ms="8727" status="PASS">
          <params>
            <param index="0">
              <value>
                <![CDATA[linda.anderson]]>
              </value>
            </param>
            <param index="1">
              <value>
                <![CDATA[linda.anderson]]>
              </value>
            </param>
          </params>
          <reporter-output>
          </reporter-output>
        </test-method> <!-- f -->
        <test-method is-config="true" signature="afterTest()[pri:0, instance:Demo.FirstTest@3315d2d7]" started-at="2020-09-27T12:47:51 IST" name="afterTest" finished-at="2020-09-27T12:47:53 IST" duration-ms="2110" status="PASS">
          <reporter-output>
          </reporter-output>
        </test-method> <!-- afterTest -->
      </class> <!-- Demo.FirstTest -->
    </test> <!-- Default test -->
  </suite> <!-- Default suite -->
</testng-results>
